<?xml version="1.0" encoding="UTF-8"?>
<!-- Generated by org.testng.reporters.JUnitReportReporter -->
<testsuite hostname="DESKTOP-NKOCCTH" failures="0" tests="1" name="Testcase" time="0.035" errors="0" timestamp="2022-04-05T13:10:33 IST" skipped="0">
  <testcase classname="Testcase" name="Ashwini" time="0.035"/>
  <system-out/>
</testsuite> <!-- Testcase -->
