<?xml version="1.0" encoding="UTF-8"?>
<!-- Generated by org.testng.reporters.JUnitReportReporter -->
<testsuite hostname="DESKTOP-NKOCCTH" failures="0" tests="4" name="TestCases.LoginPageTest" time="18.896" errors="0" timestamp="2022-06-04T12:08:16 IST" skipped="0">
  <testcase classname="TestCases.LoginPageTest" name="ValidateLoginPageTest" time="3.425"/>
  <system-out>
    <![CDATA[Title of Project =Kite - Zerodha's fast and elegant flagship trading platform]]>
  </system-out>
  <testcase classname="TestCases.LoginPageTest" name="loginPageAccTest" time="8.550"/>
  <system-out/>
  <testcase classname="TestCases.LoginPageTest" name="validateZerodhaLogoTEst" time="3.772"/>
  <system-out>
    <![CDATA[Zerodha Logo Is true]]>
  </system-out>
  <testcase classname="TestCases.LoginPageTest" name="validateKiteLogoTest" time="3.149"/>
  <system-out>
    <![CDATA[Kite Logo Is true]]>
  </system-out>
</testsuite> <!-- TestCases.LoginPageTest -->
