<?xml version="1.0" encoding="UTF-8"?>
<!-- Generated by org.testng.reporters.JUnitReportReporter -->
<testsuite hostname="DESKTOP-NKOCCTH" failures="0" tests="3" name="TEstmaven" time="16.228" errors="0" timestamp="2022-04-24T22:37:36 IST" skipped="0">
  <testcase classname="TEstmaven" name="openFb" time="7.242"/>
  <system-out/>
  <testcase classname="TEstmaven" name="openGoogle" time="3.702"/>
  <system-out/>
  <testcase classname="TEstmaven" name="openRediff" time="5.284"/>
  <system-out/>
</testsuite> <!-- TEstmaven -->
