<?xml version="1.0" encoding="UTF-8"?>
<!-- Generated by org.testng.reporters.JUnitReportReporter -->
<testsuite hostname="DESKTOP-NKOCCTH" failures="0" tests="3" name="TestCases.ParallelTest" time="29.519" errors="0" timestamp="2022-04-23T14:33:45 IST" skipped="0">
  <testcase classname="TestCases.ParallelTest" name="openGoogle" time="8.991"/>
  <system-out/>
  <testcase classname="TestCases.ParallelTest" name="openFb" time="8.147"/>
  <system-out/>
  <testcase classname="TestCases.ParallelTest" name="openRediff" time="12.381"/>
  <system-out/>
</testsuite> <!-- TestCases.ParallelTest -->
