<?xml version="1.0" encoding="UTF-8"?>
<!-- Generated by org.testng.reporters.JUnitReportReporter -->
<testsuite hostname="DESKTOP-NKOCCTH" failures="0" tests="1" name="TestClassRedBus.TermPageTest" time="18.270" errors="0" timestamp="2022-05-10T10:41:56 IST" skipped="0">
  <testcase classname="TestClassRedBus.TermPageTest" name="termpageTest" time="18.270"/>
  <system-out>
    <![CDATA[Terms Page is Dispalyed =true]]>
  </system-out>
</testsuite> <!-- TestClassRedBus.TermPageTest -->
