<?xml version="1.0" encoding="UTF-8"?>
<!-- Generated by org.testng.reporters.JUnitReportReporter -->
<testsuite hostname="DESKTOP-NKOCCTH" failures="0" tests="2" name="TestClassRedBus.HomePageTest" time="15.991" errors="0" timestamp="2022-05-09T23:31:46 IST" skipped="0">
  <testcase classname="TestClassRedBus.HomePageTest" name="TermsCheck" time="9.298"/>
  <system-out/>
  <testcase classname="TestClassRedBus.HomePageTest" name="ValidateLogoTest" time="6.693"/>
  <system-out>
    <![CDATA[Logo is Present =true]]>
  </system-out>
</testsuite> <!-- TestClassRedBus.HomePageTest -->
