<?xml version="1.0" encoding="UTF-8"?>
<!-- Generated by org.testng.reporters.JUnitReportReporter -->
<testsuite hostname="DESKTOP-NKOCCTH" failures="0" tests="1" name="TestClassRedBus.SearchRouteTest" time="23.911" errors="0" timestamp="2022-05-10T15:11:02 IST" skipped="0">
  <testcase classname="TestClassRedBus.SearchRouteTest" name="SearchBusTest" time="23.911"/>
  <system-out/>
</testsuite> <!-- TestClassRedBus.SearchRouteTest -->
